<?xml version="1.0" encoding="UTF-8"?>
<!-- Generated by org.testng.reporters.JUnitReportReporter -->
<testsuite skipped="0" hostname="IN5CG9292KLF" name="TestMavenPackage.IESeleniumTest" tests="2" failures="0" timestamp="2019-10-13T23:09:02 IST" time="0.001" errors="0">
  <testcase name="browserIEAutomation2" time="0.000" classname="TestMavenPackage.IESeleniumTest"/>
  <testcase name="browserIEAutomation1" time="0.001" classname="TestMavenPackage.IESeleniumTest"/>
</testsuite> <!-- TestMavenPackage.IESeleniumTest -->
