<?xml version="1.0" encoding="UTF-8"?>
<!-- Generated by org.testng.reporters.JUnitReportReporter -->
<testsuite skipped="0" hostname="IN5CG9292KLF" name="TestMavenPackage.ChromeSeleniumTest" tests="2" failures="0" timestamp="2019-10-13T23:09:02 IST" time="0.007" errors="0">
  <testcase name="browserChromeAutomation2" time="0.000" classname="TestMavenPackage.ChromeSeleniumTest"/>
  <testcase name="browserChromeAutomation1" time="0.007" classname="TestMavenPackage.ChromeSeleniumTest"/>
</testsuite> <!-- TestMavenPackage.ChromeSeleniumTest -->
