<?xml version="1.0" encoding="UTF-8"?>
<!-- Generated by org.testng.reporters.JUnitReportReporter -->
<testsuite skipped="0" hostname="IN5CG9292KLF" name="TestMavenPackage.FirefoxSeleniumTest" tests="2" failures="0" timestamp="2019-10-13T23:08:44 IST" time="0.001" errors="0">
  <testcase name="browserFirefoxAutomation2" time="0.000" classname="TestMavenPackage.FirefoxSeleniumTest"/>
  <testcase name="browserFirefoxAutomation1" time="0.001" classname="TestMavenPackage.FirefoxSeleniumTest"/>
</testsuite> <!-- TestMavenPackage.FirefoxSeleniumTest -->
